[2022-09-10 10:30:01] laravel.EMERGENCY: Unable to create configured logger. Using emergency logger. {"exception":"[object] (Error(code: 0): Class \"Illuminate\\Support\\Collection\" not found at /Users/esterlingaccime/Desktop/projects/learning/pgecom/vendor/laravel/framework/src/Illuminate/Support/helpers.php:110)
[stacktrace]
#0 /Users/esterlingaccime/Desktop/projects/learning/pgecom/vendor/laravel/framework/src/Illuminate/Log/LogManager.php(240): collect(Array)
#1 /Users/esterlingaccime/Desktop/projects/learning/pgecom/vendor/laravel/framework/src/Illuminate/Log/LogManager.php(202): Illuminate\\Log\\LogManager->createStackDriver(Array)
#2 /Users/esterlingaccime/Desktop/projects/learning/pgecom/vendor/laravel/framework/src/Illuminate/Log/LogManager.php(118): Illuminate\\Log\\LogManager->resolve('stack')
#3 /Users/esterlingaccime/Desktop/projects/learning/pgecom/vendor/laravel/framework/src/Illuminate/Log/LogManager.php(98): Illuminate\\Log\\LogManager->get('stack')
#4 /Users/esterlingaccime/Desktop/projects/learning/pgecom/vendor/laravel/framework/src/Illuminate/Log/LogManager.php(543): Illuminate\\Log\\LogManager->driver()
#5 /Users/esterlingaccime/Desktop/projects/learning/pgecom/vendor/laravel/framework/src/Illuminate/Foundation/Exceptions/Handler.php(123): Illuminate\\Log\\LogManager->error('During inherita...', Array)
#6 /Users/esterlingaccime/Desktop/projects/learning/pgecom/app/Exceptions/Handler.php(39): Illuminate\\Foundation\\Exceptions\\Handler->report(Object(Symfony\\Component\\ErrorHandler\\Error\\FatalError))
#7 /Users/esterlingaccime/Desktop/projects/learning/pgecom/vendor/laravel/framework/src/Illuminate/Foundation/Bootstrap/HandleExceptions.php(88): App\\Exceptions\\Handler->report(Object(Symfony\\Component\\ErrorHandler\\Error\\FatalError))
#8 /Users/esterlingaccime/Desktop/projects/learning/pgecom/vendor/laravel/framework/src/Illuminate/Foundation/Bootstrap/HandleExceptions.php(130): Illuminate\\Foundation\\Bootstrap\\HandleExceptions->handleException(Object(Symfony\\Component\\ErrorHandler\\Error\\FatalError))
#9 [internal function]: Illuminate\\Foundation\\Bootstrap\\HandleExceptions->handleShutdown()
#10 {main}
"} 
[2022-09-10 10:30:01] laravel.ERROR: During inheritance of ArrayAccess: Uncaught ErrorException: Return type of Illuminate\Support\Collection::offsetExists($key) should either be compatible with ArrayAccess::offsetExists(mixed $offset): bool, or the #[\ReturnTypeWillChange] attribute should be used to temporarily suppress the notice in /Users/esterlingaccime/Desktop/projects/learning/pgecom/vendor/laravel/framework/src/Illuminate/Support/Collection.php:1349
Stack trace:
#0 /Users/esterlingaccime/Desktop/projects/learning/pgecom/vendor/laravel/framework/src/Illuminate/Support/Collection.php(11): Illuminate\Foundation\Bootstrap\HandleExceptions->handleError(8192, 'Return type of ...', '/Users/esterlin...', 1349)
#1 /Users/esterlingaccime/Desktop/projects/learning/pgecom/vendor/composer/ClassLoader.php(571): include('/Users/esterlin...')
#2 /Users/esterlingaccime/Desktop/projects/learning/pgecom/vendor/composer/ClassLoader.php(428): Composer\Autoload\includeFile('/Users/esterlin...')
#3 /Users/esterlingaccime/Desktop/projects/learning/pgecom/vendor/laravel/framework/src/Illuminate/Support/helpers.php(110): Composer\Autoload\ClassLoader->loadClass('Illuminate\\Supp...')
#4 /Users/esterlingaccime/Desktop/projects/learning/pgecom/vendor/laravel/framework/src/Illuminate/Foundation/PackageManifest.php(89): collect(Array)
#5 /Users/esterlingaccime/Desktop/projects/learning/pgecom/vendor/laravel/framework/src/Illuminate/Foundation/PackageManifest.php(78): Illuminate\Foundation\PackageManifest->config('aliases')
#6 /Users/esterlingaccime/Desktop/projects/learning/pgecom/vendor/laravel/framework/src/Illuminate/Foundation/Bootstrap/RegisterFacades.php(26): Illuminate\Foundation\PackageManifest->aliases()
#7 /Users/esterlingaccime/Desktop/projects/learning/pgecom/vendor/laravel/framework/src/Illuminate/Foundation/Application.php(230): Illuminate\Foundation\Bootstrap\RegisterFacades->bootstrap(Object(Illuminate\Foundation\Application))
#8 /Users/esterlingaccime/Desktop/projects/learning/pgecom/vendor/laravel/framework/src/Illuminate/Foundation/Console/Kernel.php(310): Illuminate\Foundation\Application->bootstrapWith(Array)
#9 /Users/esterlingaccime/Desktop/projects/learning/pgecom/vendor/laravel/framework/src/Illuminate/Foundation/Console/Kernel.php(127): Illuminate\Foundation\Console\Kernel->bootstrap()
#10 /Users/esterlingaccime/Desktop/projects/learning/pgecom/artisan(37): Illuminate\Foundation\Console\Kernel->handle(Object(Symfony\Component\Console\Input\ArgvInput), Object(Symfony\Component\Console\Output\ConsoleOutput))
#11 {main} {"exception":"[object] (Symfony\\Component\\ErrorHandler\\Error\\FatalError(code: 0): During inheritance of ArrayAccess: Uncaught ErrorException: Return type of Illuminate\\Support\\Collection::offsetExists($key) should either be compatible with ArrayAccess::offsetExists(mixed $offset): bool, or the #[\\ReturnTypeWillChange] attribute should be used to temporarily suppress the notice in /Users/esterlingaccime/Desktop/projects/learning/pgecom/vendor/laravel/framework/src/Illuminate/Support/Collection.php:1349
Stack trace:
#0 /Users/esterlingaccime/Desktop/projects/learning/pgecom/vendor/laravel/framework/src/Illuminate/Support/Collection.php(11): Illuminate\\Foundation\\Bootstrap\\HandleExceptions->handleError(8192, 'Return type of ...', '/Users/esterlin...', 1349)
#1 /Users/esterlingaccime/Desktop/projects/learning/pgecom/vendor/composer/ClassLoader.php(571): include('/Users/esterlin...')
#2 /Users/esterlingaccime/Desktop/projects/learning/pgecom/vendor/composer/ClassLoader.php(428): Composer\\Autoload\\includeFile('/Users/esterlin...')
#3 /Users/esterlingaccime/Desktop/projects/learning/pgecom/vendor/laravel/framework/src/Illuminate/Support/helpers.php(110): Composer\\Autoload\\ClassLoader->loadClass('Illuminate\\\\Supp...')
#4 /Users/esterlingaccime/Desktop/projects/learning/pgecom/vendor/laravel/framework/src/Illuminate/Foundation/PackageManifest.php(89): collect(Array)
#5 /Users/esterlingaccime/Desktop/projects/learning/pgecom/vendor/laravel/framework/src/Illuminate/Foundation/PackageManifest.php(78): Illuminate\\Foundation\\PackageManifest->config('aliases')
#6 /Users/esterlingaccime/Desktop/projects/learning/pgecom/vendor/laravel/framework/src/Illuminate/Foundation/Bootstrap/RegisterFacades.php(26): Illuminate\\Foundation\\PackageManifest->aliases()
#7 /Users/esterlingaccime/Desktop/projects/learning/pgecom/vendor/laravel/framework/src/Illuminate/Foundation/Application.php(230): Illuminate\\Foundation\\Bootstrap\\RegisterFacades->bootstrap(Object(Illuminate\\Foundation\\Application))
#8 /Users/esterlingaccime/Desktop/projects/learning/pgecom/vendor/laravel/framework/src/Illuminate/Foundation/Console/Kernel.php(310): Illuminate\\Foundation\\Application->bootstrapWith(Array)
#9 /Users/esterlingaccime/Desktop/projects/learning/pgecom/vendor/laravel/framework/src/Illuminate/Foundation/Console/Kernel.php(127): Illuminate\\Foundation\\Console\\Kernel->bootstrap()
#10 /Users/esterlingaccime/Desktop/projects/learning/pgecom/artisan(37): Illuminate\\Foundation\\Console\\Kernel->handle(Object(Symfony\\Component\\Console\\Input\\ArgvInput), Object(Symfony\\Component\\Console\\Output\\ConsoleOutput))
#11 {main} at /Users/esterlingaccime/Desktop/projects/learning/pgecom/vendor/laravel/framework/src/Illuminate/Support/Collection.php:11)
[stacktrace]
#0 {main}
"} 
[2022-09-10 10:30:08] laravel.EMERGENCY: Unable to create configured logger. Using emergency logger. {"exception":"[object] (Error(code: 0): Class \"Illuminate\\Support\\Collection\" not found at /Users/esterlingaccime/Desktop/projects/learning/pgecom/vendor/laravel/framework/src/Illuminate/Support/helpers.php:110)
[stacktrace]
#0 /Users/esterlingaccime/Desktop/projects/learning/pgecom/vendor/laravel/framework/src/Illuminate/Log/LogManager.php(240): collect(Array)
#1 /Users/esterlingaccime/Desktop/projects/learning/pgecom/vendor/laravel/framework/src/Illuminate/Log/LogManager.php(202): Illuminate\\Log\\LogManager->createStackDriver(Array)
#2 /Users/esterlingaccime/Desktop/projects/learning/pgecom/vendor/laravel/framework/src/Illuminate/Log/LogManager.php(118): Illuminate\\Log\\LogManager->resolve('stack')
#3 /Users/esterlingaccime/Desktop/projects/learning/pgecom/vendor/laravel/framework/src/Illuminate/Log/LogManager.php(98): Illuminate\\Log\\LogManager->get('stack')
#4 /Users/esterlingaccime/Desktop/projects/learning/pgecom/vendor/laravel/framework/src/Illuminate/Log/LogManager.php(543): Illuminate\\Log\\LogManager->driver()
#5 /Users/esterlingaccime/Desktop/projects/learning/pgecom/vendor/laravel/framework/src/Illuminate/Foundation/Exceptions/Handler.php(123): Illuminate\\Log\\LogManager->error('During inherita...', Array)
#6 /Users/esterlingaccime/Desktop/projects/learning/pgecom/app/Exceptions/Handler.php(39): Illuminate\\Foundation\\Exceptions\\Handler->report(Object(Symfony\\Component\\ErrorHandler\\Error\\FatalError))
#7 /Users/esterlingaccime/Desktop/projects/learning/pgecom/vendor/laravel/framework/src/Illuminate/Foundation/Bootstrap/HandleExceptions.php(88): App\\Exceptions\\Handler->report(Object(Symfony\\Component\\ErrorHandler\\Error\\FatalError))
#8 /Users/esterlingaccime/Desktop/projects/learning/pgecom/vendor/laravel/framework/src/Illuminate/Foundation/Bootstrap/HandleExceptions.php(130): Illuminate\\Foundation\\Bootstrap\\HandleExceptions->handleException(Object(Symfony\\Component\\ErrorHandler\\Error\\FatalError))
#9 [internal function]: Illuminate\\Foundation\\Bootstrap\\HandleExceptions->handleShutdown()
#10 {main}
"} 
[2022-09-10 10:30:08] laravel.ERROR: During inheritance of ArrayAccess: Uncaught ErrorException: Return type of Illuminate\Support\Collection::offsetExists($key) should either be compatible with ArrayAccess::offsetExists(mixed $offset): bool, or the #[\ReturnTypeWillChange] attribute should be used to temporarily suppress the notice in /Users/esterlingaccime/Desktop/projects/learning/pgecom/vendor/laravel/framework/src/Illuminate/Support/Collection.php:1349
Stack trace:
#0 /Users/esterlingaccime/Desktop/projects/learning/pgecom/vendor/laravel/framework/src/Illuminate/Support/Collection.php(11): Illuminate\Foundation\Bootstrap\HandleExceptions->handleError(8192, 'Return type of ...', '/Users/esterlin...', 1349)
#1 /Users/esterlingaccime/Desktop/projects/learning/pgecom/vendor/composer/ClassLoader.php(571): include('/Users/esterlin...')
#2 /Users/esterlingaccime/Desktop/projects/learning/pgecom/vendor/composer/ClassLoader.php(428): Composer\Autoload\includeFile('/Users/esterlin...')
#3 /Users/esterlingaccime/Desktop/projects/learning/pgecom/vendor/laravel/framework/src/Illuminate/Support/helpers.php(110): Composer\Autoload\ClassLoader->loadClass('Illuminate\\Supp...')
#4 /Users/esterlingaccime/Desktop/projects/learning/pgecom/vendor/laravel/framework/src/Illuminate/Foundation/PackageManifest.php(89): collect(Array)
#5 /Users/esterlingaccime/Desktop/projects/learning/pgecom/vendor/laravel/framework/src/Illuminate/Foundation/PackageManifest.php(78): Illuminate\Foundation\PackageManifest->config('aliases')
#6 /Users/esterlingaccime/Desktop/projects/learning/pgecom/vendor/laravel/framework/src/Illuminate/Foundation/Bootstrap/RegisterFacades.php(26): Illuminate\Foundation\PackageManifest->aliases()
#7 /Users/esterlingaccime/Desktop/projects/learning/pgecom/vendor/laravel/framework/src/Illuminate/Foundation/Application.php(230): Illuminate\Foundation\Bootstrap\RegisterFacades->bootstrap(Object(Illuminate\Foundation\Application))
#8 /Users/esterlingaccime/Desktop/projects/learning/pgecom/vendor/laravel/framework/src/Illuminate/Foundation/Console/Kernel.php(310): Illuminate\Foundation\Application->bootstrapWith(Array)
#9 /Users/esterlingaccime/Desktop/projects/learning/pgecom/vendor/laravel/framework/src/Illuminate/Foundation/Console/Kernel.php(127): Illuminate\Foundation\Console\Kernel->bootstrap()
#10 /Users/esterlingaccime/Desktop/projects/learning/pgecom/artisan(37): Illuminate\Foundation\Console\Kernel->handle(Object(Symfony\Component\Console\Input\ArgvInput), Object(Symfony\Component\Console\Output\ConsoleOutput))
#11 {main} {"exception":"[object] (Symfony\\Component\\ErrorHandler\\Error\\FatalError(code: 0): During inheritance of ArrayAccess: Uncaught ErrorException: Return type of Illuminate\\Support\\Collection::offsetExists($key) should either be compatible with ArrayAccess::offsetExists(mixed $offset): bool, or the #[\\ReturnTypeWillChange] attribute should be used to temporarily suppress the notice in /Users/esterlingaccime/Desktop/projects/learning/pgecom/vendor/laravel/framework/src/Illuminate/Support/Collection.php:1349
Stack trace:
#0 /Users/esterlingaccime/Desktop/projects/learning/pgecom/vendor/laravel/framework/src/Illuminate/Support/Collection.php(11): Illuminate\\Foundation\\Bootstrap\\HandleExceptions->handleError(8192, 'Return type of ...', '/Users/esterlin...', 1349)
#1 /Users/esterlingaccime/Desktop/projects/learning/pgecom/vendor/composer/ClassLoader.php(571): include('/Users/esterlin...')
#2 /Users/esterlingaccime/Desktop/projects/learning/pgecom/vendor/composer/ClassLoader.php(428): Composer\\Autoload\\includeFile('/Users/esterlin...')
#3 /Users/esterlingaccime/Desktop/projects/learning/pgecom/vendor/laravel/framework/src/Illuminate/Support/helpers.php(110): Composer\\Autoload\\ClassLoader->loadClass('Illuminate\\\\Supp...')
#4 /Users/esterlingaccime/Desktop/projects/learning/pgecom/vendor/laravel/framework/src/Illuminate/Foundation/PackageManifest.php(89): collect(Array)
#5 /Users/esterlingaccime/Desktop/projects/learning/pgecom/vendor/laravel/framework/src/Illuminate/Foundation/PackageManifest.php(78): Illuminate\\Foundation\\PackageManifest->config('aliases')
#6 /Users/esterlingaccime/Desktop/projects/learning/pgecom/vendor/laravel/framework/src/Illuminate/Foundation/Bootstrap/RegisterFacades.php(26): Illuminate\\Foundation\\PackageManifest->aliases()
#7 /Users/esterlingaccime/Desktop/projects/learning/pgecom/vendor/laravel/framework/src/Illuminate/Foundation/Application.php(230): Illuminate\\Foundation\\Bootstrap\\RegisterFacades->bootstrap(Object(Illuminate\\Foundation\\Application))
#8 /Users/esterlingaccime/Desktop/projects/learning/pgecom/vendor/laravel/framework/src/Illuminate/Foundation/Console/Kernel.php(310): Illuminate\\Foundation\\Application->bootstrapWith(Array)
#9 /Users/esterlingaccime/Desktop/projects/learning/pgecom/vendor/laravel/framework/src/Illuminate/Foundation/Console/Kernel.php(127): Illuminate\\Foundation\\Console\\Kernel->bootstrap()
#10 /Users/esterlingaccime/Desktop/projects/learning/pgecom/artisan(37): Illuminate\\Foundation\\Console\\Kernel->handle(Object(Symfony\\Component\\Console\\Input\\ArgvInput), Object(Symfony\\Component\\Console\\Output\\ConsoleOutput))
#11 {main} at /Users/esterlingaccime/Desktop/projects/learning/pgecom/vendor/laravel/framework/src/Illuminate/Support/Collection.php:11)
[stacktrace]
#0 {main}
"} 
[2022-09-11 06:17:42] laravel.EMERGENCY: Unable to create configured logger. Using emergency logger. {"exception":"[object] (Error(code: 0): Class \"Illuminate\\Support\\Collection\" not found at /Users/esterlingaccime/Desktop/projects/learning/pgecom/vendor/laravel/framework/src/Illuminate/Support/helpers.php:110)
[stacktrace]
#0 /Users/esterlingaccime/Desktop/projects/learning/pgecom/vendor/laravel/framework/src/Illuminate/Log/LogManager.php(240): collect(Array)
#1 /Users/esterlingaccime/Desktop/projects/learning/pgecom/vendor/laravel/framework/src/Illuminate/Log/LogManager.php(202): Illuminate\\Log\\LogManager->createStackDriver(Array)
#2 /Users/esterlingaccime/Desktop/projects/learning/pgecom/vendor/laravel/framework/src/Illuminate/Log/LogManager.php(118): Illuminate\\Log\\LogManager->resolve('stack')
#3 /Users/esterlingaccime/Desktop/projects/learning/pgecom/vendor/laravel/framework/src/Illuminate/Log/LogManager.php(98): Illuminate\\Log\\LogManager->get('stack')
#4 /Users/esterlingaccime/Desktop/projects/learning/pgecom/vendor/laravel/framework/src/Illuminate/Log/LogManager.php(543): Illuminate\\Log\\LogManager->driver()
#5 /Users/esterlingaccime/Desktop/projects/learning/pgecom/vendor/laravel/framework/src/Illuminate/Foundation/Exceptions/Handler.php(123): Illuminate\\Log\\LogManager->error('During inherita...', Array)
#6 /Users/esterlingaccime/Desktop/projects/learning/pgecom/app/Exceptions/Handler.php(39): Illuminate\\Foundation\\Exceptions\\Handler->report(Object(Symfony\\Component\\ErrorHandler\\Error\\FatalError))
#7 /Users/esterlingaccime/Desktop/projects/learning/pgecom/vendor/laravel/framework/src/Illuminate/Foundation/Bootstrap/HandleExceptions.php(88): App\\Exceptions\\Handler->report(Object(Symfony\\Component\\ErrorHandler\\Error\\FatalError))
#8 /Users/esterlingaccime/Desktop/projects/learning/pgecom/vendor/laravel/framework/src/Illuminate/Foundation/Bootstrap/HandleExceptions.php(130): Illuminate\\Foundation\\Bootstrap\\HandleExceptions->handleException(Object(Symfony\\Component\\ErrorHandler\\Error\\FatalError))
#9 [internal function]: Illuminate\\Foundation\\Bootstrap\\HandleExceptions->handleShutdown()
#10 {main}
"} 
[2022-09-11 06:17:42] laravel.ERROR: During inheritance of ArrayAccess: Uncaught ErrorException: Return type of Illuminate\Support\Collection::offsetExists($key) should either be compatible with ArrayAccess::offsetExists(mixed $offset): bool, or the #[\ReturnTypeWillChange] attribute should be used to temporarily suppress the notice in /Users/esterlingaccime/Desktop/projects/learning/pgecom/vendor/laravel/framework/src/Illuminate/Support/Collection.php:1349
Stack trace:
#0 /Users/esterlingaccime/Desktop/projects/learning/pgecom/vendor/laravel/framework/src/Illuminate/Support/Collection.php(11): Illuminate\Foundation\Bootstrap\HandleExceptions->handleError(8192, 'Return type of ...', '/Users/esterlin...', 1349)
#1 /Users/esterlingaccime/Desktop/projects/learning/pgecom/vendor/composer/ClassLoader.php(571): include('/Users/esterlin...')
#2 /Users/esterlingaccime/Desktop/projects/learning/pgecom/vendor/composer/ClassLoader.php(428): Composer\Autoload\includeFile('/Users/esterlin...')
#3 /Users/esterlingaccime/Desktop/projects/learning/pgecom/vendor/laravel/framework/src/Illuminate/Support/helpers.php(110): Composer\Autoload\ClassLoader->loadClass('Illuminate\\Supp...')
#4 /Users/esterlingaccime/Desktop/projects/learning/pgecom/vendor/laravel/framework/src/Illuminate/Foundation/PackageManifest.php(89): collect(Array)
#5 /Users/esterlingaccime/Desktop/projects/learning/pgecom/vendor/laravel/framework/src/Illuminate/Foundation/PackageManifest.php(78): Illuminate\Foundation\PackageManifest->config('aliases')
#6 /Users/esterlingaccime/Desktop/projects/learning/pgecom/vendor/laravel/framework/src/Illuminate/Foundation/Bootstrap/RegisterFacades.php(26): Illuminate\Foundation\PackageManifest->aliases()
#7 /Users/esterlingaccime/Desktop/projects/learning/pgecom/vendor/laravel/framework/src/Illuminate/Foundation/Application.php(230): Illuminate\Foundation\Bootstrap\RegisterFacades->bootstrap(Object(Illuminate\Foundation\Application))
#8 /Users/esterlingaccime/Desktop/projects/learning/pgecom/vendor/laravel/framework/src/Illuminate/Foundation/Console/Kernel.php(310): Illuminate\Foundation\Application->bootstrapWith(Array)
#9 /Users/esterlingaccime/Desktop/projects/learning/pgecom/vendor/laravel/framework/src/Illuminate/Foundation/Console/Kernel.php(127): Illuminate\Foundation\Console\Kernel->bootstrap()
#10 /Users/esterlingaccime/Desktop/projects/learning/pgecom/artisan(37): Illuminate\Foundation\Console\Kernel->handle(Object(Symfony\Component\Console\Input\ArgvInput), Object(Symfony\Component\Console\Output\ConsoleOutput))
#11 {main} {"exception":"[object] (Symfony\\Component\\ErrorHandler\\Error\\FatalError(code: 0): During inheritance of ArrayAccess: Uncaught ErrorException: Return type of Illuminate\\Support\\Collection::offsetExists($key) should either be compatible with ArrayAccess::offsetExists(mixed $offset): bool, or the #[\\ReturnTypeWillChange] attribute should be used to temporarily suppress the notice in /Users/esterlingaccime/Desktop/projects/learning/pgecom/vendor/laravel/framework/src/Illuminate/Support/Collection.php:1349
Stack trace:
#0 /Users/esterlingaccime/Desktop/projects/learning/pgecom/vendor/laravel/framework/src/Illuminate/Support/Collection.php(11): Illuminate\\Foundation\\Bootstrap\\HandleExceptions->handleError(8192, 'Return type of ...', '/Users/esterlin...', 1349)
#1 /Users/esterlingaccime/Desktop/projects/learning/pgecom/vendor/composer/ClassLoader.php(571): include('/Users/esterlin...')
#2 /Users/esterlingaccime/Desktop/projects/learning/pgecom/vendor/composer/ClassLoader.php(428): Composer\\Autoload\\includeFile('/Users/esterlin...')
#3 /Users/esterlingaccime/Desktop/projects/learning/pgecom/vendor/laravel/framework/src/Illuminate/Support/helpers.php(110): Composer\\Autoload\\ClassLoader->loadClass('Illuminate\\\\Supp...')
#4 /Users/esterlingaccime/Desktop/projects/learning/pgecom/vendor/laravel/framework/src/Illuminate/Foundation/PackageManifest.php(89): collect(Array)
#5 /Users/esterlingaccime/Desktop/projects/learning/pgecom/vendor/laravel/framework/src/Illuminate/Foundation/PackageManifest.php(78): Illuminate\\Foundation\\PackageManifest->config('aliases')
#6 /Users/esterlingaccime/Desktop/projects/learning/pgecom/vendor/laravel/framework/src/Illuminate/Foundation/Bootstrap/RegisterFacades.php(26): Illuminate\\Foundation\\PackageManifest->aliases()
#7 /Users/esterlingaccime/Desktop/projects/learning/pgecom/vendor/laravel/framework/src/Illuminate/Foundation/Application.php(230): Illuminate\\Foundation\\Bootstrap\\RegisterFacades->bootstrap(Object(Illuminate\\Foundation\\Application))
#8 /Users/esterlingaccime/Desktop/projects/learning/pgecom/vendor/laravel/framework/src/Illuminate/Foundation/Console/Kernel.php(310): Illuminate\\Foundation\\Application->bootstrapWith(Array)
#9 /Users/esterlingaccime/Desktop/projects/learning/pgecom/vendor/laravel/framework/src/Illuminate/Foundation/Console/Kernel.php(127): Illuminate\\Foundation\\Console\\Kernel->bootstrap()
#10 /Users/esterlingaccime/Desktop/projects/learning/pgecom/artisan(37): Illuminate\\Foundation\\Console\\Kernel->handle(Object(Symfony\\Component\\Console\\Input\\ArgvInput), Object(Symfony\\Component\\Console\\Output\\ConsoleOutput))
#11 {main} at /Users/esterlingaccime/Desktop/projects/learning/pgecom/vendor/laravel/framework/src/Illuminate/Support/Collection.php:11)
[stacktrace]
#0 {main}
"} 
[2022-09-11 06:17:47] laravel.EMERGENCY: Unable to create configured logger. Using emergency logger. {"exception":"[object] (Error(code: 0): Class \"Illuminate\\Support\\Collection\" not found at /Users/esterlingaccime/Desktop/projects/learning/pgecom/vendor/laravel/framework/src/Illuminate/Support/helpers.php:110)
[stacktrace]
#0 /Users/esterlingaccime/Desktop/projects/learning/pgecom/vendor/laravel/framework/src/Illuminate/Log/LogManager.php(240): collect(Array)
#1 /Users/esterlingaccime/Desktop/projects/learning/pgecom/vendor/laravel/framework/src/Illuminate/Log/LogManager.php(202): Illuminate\\Log\\LogManager->createStackDriver(Array)
#2 /Users/esterlingaccime/Desktop/projects/learning/pgecom/vendor/laravel/framework/src/Illuminate/Log/LogManager.php(118): Illuminate\\Log\\LogManager->resolve('stack')
#3 /Users/esterlingaccime/Desktop/projects/learning/pgecom/vendor/laravel/framework/src/Illuminate/Log/LogManager.php(98): Illuminate\\Log\\LogManager->get('stack')
#4 /Users/esterlingaccime/Desktop/projects/learning/pgecom/vendor/laravel/framework/src/Illuminate/Log/LogManager.php(543): Illuminate\\Log\\LogManager->driver()
#5 /Users/esterlingaccime/Desktop/projects/learning/pgecom/vendor/laravel/framework/src/Illuminate/Foundation/Exceptions/Handler.php(123): Illuminate\\Log\\LogManager->error('During inherita...', Array)
#6 /Users/esterlingaccime/Desktop/projects/learning/pgecom/app/Exceptions/Handler.php(39): Illuminate\\Foundation\\Exceptions\\Handler->report(Object(Symfony\\Component\\ErrorHandler\\Error\\FatalError))
#7 /Users/esterlingaccime/Desktop/projects/learning/pgecom/vendor/laravel/framework/src/Illuminate/Foundation/Bootstrap/HandleExceptions.php(88): App\\Exceptions\\Handler->report(Object(Symfony\\Component\\ErrorHandler\\Error\\FatalError))
#8 /Users/esterlingaccime/Desktop/projects/learning/pgecom/vendor/laravel/framework/src/Illuminate/Foundation/Bootstrap/HandleExceptions.php(130): Illuminate\\Foundation\\Bootstrap\\HandleExceptions->handleException(Object(Symfony\\Component\\ErrorHandler\\Error\\FatalError))
#9 [internal function]: Illuminate\\Foundation\\Bootstrap\\HandleExceptions->handleShutdown()
#10 {main}
"} 
[2022-09-11 06:17:47] laravel.ERROR: During inheritance of ArrayAccess: Uncaught ErrorException: Return type of Illuminate\Support\Collection::offsetExists($key) should either be compatible with ArrayAccess::offsetExists(mixed $offset): bool, or the #[\ReturnTypeWillChange] attribute should be used to temporarily suppress the notice in /Users/esterlingaccime/Desktop/projects/learning/pgecom/vendor/laravel/framework/src/Illuminate/Support/Collection.php:1349
Stack trace:
#0 /Users/esterlingaccime/Desktop/projects/learning/pgecom/vendor/laravel/framework/src/Illuminate/Support/Collection.php(11): Illuminate\Foundation\Bootstrap\HandleExceptions->handleError(8192, 'Return type of ...', '/Users/esterlin...', 1349)
#1 /Users/esterlingaccime/Desktop/projects/learning/pgecom/vendor/composer/ClassLoader.php(571): include('/Users/esterlin...')
#2 /Users/esterlingaccime/Desktop/projects/learning/pgecom/vendor/composer/ClassLoader.php(428): Composer\Autoload\includeFile('/Users/esterlin...')
#3 /Users/esterlingaccime/Desktop/projects/learning/pgecom/vendor/laravel/framework/src/Illuminate/Support/helpers.php(110): Composer\Autoload\ClassLoader->loadClass('Illuminate\\Supp...')
#4 /Users/esterlingaccime/Desktop/projects/learning/pgecom/vendor/laravel/framework/src/Illuminate/Foundation/PackageManifest.php(89): collect(Array)
#5 /Users/esterlingaccime/Desktop/projects/learning/pgecom/vendor/laravel/framework/src/Illuminate/Foundation/PackageManifest.php(78): Illuminate\Foundation\PackageManifest->config('aliases')
#6 /Users/esterlingaccime/Desktop/projects/learning/pgecom/vendor/laravel/framework/src/Illuminate/Foundation/Bootstrap/RegisterFacades.php(26): Illuminate\Foundation\PackageManifest->aliases()
#7 /Users/esterlingaccime/Desktop/projects/learning/pgecom/vendor/laravel/framework/src/Illuminate/Foundation/Application.php(230): Illuminate\Foundation\Bootstrap\RegisterFacades->bootstrap(Object(Illuminate\Foundation\Application))
#8 /Users/esterlingaccime/Desktop/projects/learning/pgecom/vendor/laravel/framework/src/Illuminate/Foundation/Console/Kernel.php(310): Illuminate\Foundation\Application->bootstrapWith(Array)
#9 /Users/esterlingaccime/Desktop/projects/learning/pgecom/vendor/laravel/framework/src/Illuminate/Foundation/Console/Kernel.php(127): Illuminate\Foundation\Console\Kernel->bootstrap()
#10 /Users/esterlingaccime/Desktop/projects/learning/pgecom/artisan(37): Illuminate\Foundation\Console\Kernel->handle(Object(Symfony\Component\Console\Input\ArgvInput), Object(Symfony\Component\Console\Output\ConsoleOutput))
#11 {main} {"exception":"[object] (Symfony\\Component\\ErrorHandler\\Error\\FatalError(code: 0): During inheritance of ArrayAccess: Uncaught ErrorException: Return type of Illuminate\\Support\\Collection::offsetExists($key) should either be compatible with ArrayAccess::offsetExists(mixed $offset): bool, or the #[\\ReturnTypeWillChange] attribute should be used to temporarily suppress the notice in /Users/esterlingaccime/Desktop/projects/learning/pgecom/vendor/laravel/framework/src/Illuminate/Support/Collection.php:1349
Stack trace:
#0 /Users/esterlingaccime/Desktop/projects/learning/pgecom/vendor/laravel/framework/src/Illuminate/Support/Collection.php(11): Illuminate\\Foundation\\Bootstrap\\HandleExceptions->handleError(8192, 'Return type of ...', '/Users/esterlin...', 1349)
#1 /Users/esterlingaccime/Desktop/projects/learning/pgecom/vendor/composer/ClassLoader.php(571): include('/Users/esterlin...')
#2 /Users/esterlingaccime/Desktop/projects/learning/pgecom/vendor/composer/ClassLoader.php(428): Composer\\Autoload\\includeFile('/Users/esterlin...')
#3 /Users/esterlingaccime/Desktop/projects/learning/pgecom/vendor/laravel/framework/src/Illuminate/Support/helpers.php(110): Composer\\Autoload\\ClassLoader->loadClass('Illuminate\\\\Supp...')
#4 /Users/esterlingaccime/Desktop/projects/learning/pgecom/vendor/laravel/framework/src/Illuminate/Foundation/PackageManifest.php(89): collect(Array)
#5 /Users/esterlingaccime/Desktop/projects/learning/pgecom/vendor/laravel/framework/src/Illuminate/Foundation/PackageManifest.php(78): Illuminate\\Foundation\\PackageManifest->config('aliases')
#6 /Users/esterlingaccime/Desktop/projects/learning/pgecom/vendor/laravel/framework/src/Illuminate/Foundation/Bootstrap/RegisterFacades.php(26): Illuminate\\Foundation\\PackageManifest->aliases()
#7 /Users/esterlingaccime/Desktop/projects/learning/pgecom/vendor/laravel/framework/src/Illuminate/Foundation/Application.php(230): Illuminate\\Foundation\\Bootstrap\\RegisterFacades->bootstrap(Object(Illuminate\\Foundation\\Application))
#8 /Users/esterlingaccime/Desktop/projects/learning/pgecom/vendor/laravel/framework/src/Illuminate/Foundation/Console/Kernel.php(310): Illuminate\\Foundation\\Application->bootstrapWith(Array)
#9 /Users/esterlingaccime/Desktop/projects/learning/pgecom/vendor/laravel/framework/src/Illuminate/Foundation/Console/Kernel.php(127): Illuminate\\Foundation\\Console\\Kernel->bootstrap()
#10 /Users/esterlingaccime/Desktop/projects/learning/pgecom/artisan(37): Illuminate\\Foundation\\Console\\Kernel->handle(Object(Symfony\\Component\\Console\\Input\\ArgvInput), Object(Symfony\\Component\\Console\\Output\\ConsoleOutput))
#11 {main} at /Users/esterlingaccime/Desktop/projects/learning/pgecom/vendor/laravel/framework/src/Illuminate/Support/Collection.php:11)
[stacktrace]
#0 {main}
"} 
[2022-09-11 07:45:40] local.ERROR: Class "Gathuku\Mpesa\MpesaServiceProvider" not found {"exception":"[object] (Error(code: 0): Class \"Gathuku\\Mpesa\\MpesaServiceProvider\" not found at /Users/esterlingaccime/Desktop/projects/learning/pgecom/vendor/laravel/framework/src/Illuminate/Foundation/ProviderRepository.php:208)
[stacktrace]
#0 /Users/esterlingaccime/Desktop/projects/learning/pgecom/vendor/laravel/framework/src/Illuminate/Foundation/ProviderRepository.php(144): Illuminate\\Foundation\\ProviderRepository->createProvider('Gathuku\\\\Mpesa\\\\M...')
#1 /Users/esterlingaccime/Desktop/projects/learning/pgecom/vendor/laravel/framework/src/Illuminate/Foundation/ProviderRepository.php(61): Illuminate\\Foundation\\ProviderRepository->compileManifest(Array)
#2 /Users/esterlingaccime/Desktop/projects/learning/pgecom/vendor/laravel/framework/src/Illuminate/Foundation/Application.php(659): Illuminate\\Foundation\\ProviderRepository->load(Array)
#3 /Users/esterlingaccime/Desktop/projects/learning/pgecom/vendor/laravel/framework/src/Illuminate/Foundation/Bootstrap/RegisterProviders.php(17): Illuminate\\Foundation\\Application->registerConfiguredProviders()
#4 /Users/esterlingaccime/Desktop/projects/learning/pgecom/vendor/laravel/framework/src/Illuminate/Foundation/Application.php(237): Illuminate\\Foundation\\Bootstrap\\RegisterProviders->bootstrap(Object(Illuminate\\Foundation\\Application))
#5 /Users/esterlingaccime/Desktop/projects/learning/pgecom/vendor/laravel/framework/src/Illuminate/Foundation/Console/Kernel.php(310): Illuminate\\Foundation\\Application->bootstrapWith(Array)
#6 /Users/esterlingaccime/Desktop/projects/learning/pgecom/vendor/laravel/framework/src/Illuminate/Foundation/Console/Kernel.php(127): Illuminate\\Foundation\\Console\\Kernel->bootstrap()
#7 /Users/esterlingaccime/Desktop/projects/learning/pgecom/artisan(37): Illuminate\\Foundation\\Console\\Kernel->handle(Object(Symfony\\Component\\Console\\Input\\ArgvInput), Object(Symfony\\Component\\Console\\Output\\ConsoleOutput))
#8 {main}
"} 
[2022-09-11 07:56:06] local.ERROR: Class "Cviebrock\EloquentSluggable\ServiceProvider" not found {"exception":"[object] (Error(code: 0): Class \"Cviebrock\\EloquentSluggable\\ServiceProvider\" not found at /Users/esterlingaccime/Desktop/projects/learning/pgecom/vendor/laravel/framework/src/Illuminate/Foundation/ProviderRepository.php:208)
[stacktrace]
#0 /Users/esterlingaccime/Desktop/projects/learning/pgecom/vendor/laravel/framework/src/Illuminate/Foundation/ProviderRepository.php(144): Illuminate\\Foundation\\ProviderRepository->createProvider('Cviebrock\\\\Eloqu...')
#1 /Users/esterlingaccime/Desktop/projects/learning/pgecom/vendor/laravel/framework/src/Illuminate/Foundation/ProviderRepository.php(61): Illuminate\\Foundation\\ProviderRepository->compileManifest(Array)
#2 /Users/esterlingaccime/Desktop/projects/learning/pgecom/vendor/laravel/framework/src/Illuminate/Foundation/Application.php(659): Illuminate\\Foundation\\ProviderRepository->load(Array)
#3 /Users/esterlingaccime/Desktop/projects/learning/pgecom/vendor/laravel/framework/src/Illuminate/Foundation/Bootstrap/RegisterProviders.php(17): Illuminate\\Foundation\\Application->registerConfiguredProviders()
#4 /Users/esterlingaccime/Desktop/projects/learning/pgecom/vendor/laravel/framework/src/Illuminate/Foundation/Application.php(237): Illuminate\\Foundation\\Bootstrap\\RegisterProviders->bootstrap(Object(Illuminate\\Foundation\\Application))
#5 /Users/esterlingaccime/Desktop/projects/learning/pgecom/vendor/laravel/framework/src/Illuminate/Foundation/Console/Kernel.php(310): Illuminate\\Foundation\\Application->bootstrapWith(Array)
#6 /Users/esterlingaccime/Desktop/projects/learning/pgecom/vendor/laravel/framework/src/Illuminate/Foundation/Console/Kernel.php(127): Illuminate\\Foundation\\Console\\Kernel->bootstrap()
#7 /Users/esterlingaccime/Desktop/projects/learning/pgecom/artisan(37): Illuminate\\Foundation\\Console\\Kernel->handle(Object(Symfony\\Component\\Console\\Input\\ArgvInput), Object(Symfony\\Component\\Console\\Output\\ConsoleOutput))
#8 {main}
"} 
[2022-09-11 07:57:00] local.ERROR: Trait "Cviebrock\EloquentSluggable\Sluggable" not found {"exception":"[object] (Symfony\\Component\\ErrorHandler\\Error\\FatalError(code: 0): Trait \"Cviebrock\\EloquentSluggable\\Sluggable\" not found at /Users/esterlingaccime/Desktop/projects/learning/pgecom/app/Models/Webinar.php:13)
[stacktrace]
#0 {main}
"} 
[2022-09-11 08:00:54] local.ERROR: Declaration of App\Models\Webinar::sluggable() must be compatible with Cviebrock\EloquentSluggable\Sluggable::sluggable(): array {"exception":"[object] (Symfony\\Component\\ErrorHandler\\Error\\FatalError(code: 0): Declaration of App\\Models\\Webinar::sluggable() must be compatible with Cviebrock\\EloquentSluggable\\Sluggable::sluggable(): array at /Users/esterlingaccime/Desktop/projects/learning/pgecom/app/Models/Webinar.php:215)
[stacktrace]
#0 {main}
"} 
[2022-09-11 08:02:15] local.ERROR: Declaration of App\Models\Bundle::sluggable() must be compatible with Cviebrock\EloquentSluggable\Sluggable::sluggable(): array {"exception":"[object] (Symfony\\Component\\ErrorHandler\\Error\\FatalError(code: 0): Declaration of App\\Models\\Bundle::sluggable() must be compatible with Cviebrock\\EloquentSluggable\\Sluggable::sluggable(): array at /Users/esterlingaccime/Desktop/projects/learning/pgecom/app/Models/Bundle.php:113)
[stacktrace]
#0 {main}
"} 
